0 info it worked if it ends with ok
1 verbose cli [ '/usr/local/Cellar/node/5.10.1/bin/node',
1 verbose cli   '/usr/local/bin/npm',
1 verbose cli   'publish' ]
2 info using npm@3.8.3
3 info using node@v5.10.1
4 verbose publish [ '.' ]
5 silly cache add args [ '.', null ]
6 verbose cache add spec .
7 silly cache add parsed spec Result {
7 silly cache add   raw: '.',
7 silly cache add   scope: null,
7 silly cache add   name: null,
7 silly cache add   rawSpec: '.',
7 silly cache add   spec: '/Users/amandamontanapearce/gExercises/roi-npm',
7 silly cache add   type: 'directory' }
8 verbose addLocalDirectory /Users/amandamontanapearce/.npm/roi/0.0.1/package.tgz not in flight; packing
9 verbose correctMkdir /Users/amandamontanapearce/.npm correctMkdir not in flight; initializing
10 info lifecycle roi@0.0.1~prepublish: roi@0.0.1
11 silly lifecycle roi@0.0.1~prepublish: no script for prepublish, continuing
12 verbose tar pack [ '/Users/amandamontanapearce/.npm/roi/0.0.1/package.tgz',
12 verbose tar pack   '/Users/amandamontanapearce/gExercises/roi-npm' ]
13 verbose tarball /Users/amandamontanapearce/.npm/roi/0.0.1/package.tgz
14 verbose folder /Users/amandamontanapearce/gExercises/roi-npm
15 verbose addLocalTarball adding from inside cache /Users/amandamontanapearce/.npm/roi/0.0.1/package.tgz
16 verbose correctMkdir /Users/amandamontanapearce/.npm correctMkdir not in flight; initializing
17 silly cache afterAdd roi@0.0.1
18 verbose afterAdd /Users/amandamontanapearce/.npm/roi/0.0.1/package/package.json not in flight; writing
19 verbose correctMkdir /Users/amandamontanapearce/.npm correctMkdir not in flight; initializing
20 verbose afterAdd /Users/amandamontanapearce/.npm/roi/0.0.1/package/package.json written
21 silly publish { name: 'roi',
21 silly publish   version: '0.0.1',
21 silly publish   description: 'node module to calculate roi',
21 silly publish   main: 'index.js',
21 silly publish   scripts: { test: 'echo "Error: no test specified" && exit 1' },
21 silly publish   repository:
21 silly publish    { type: 'git',
21 silly publish      url: 'git+ssh://git@github.com/amandamontanapearce/ROI.git' },
21 silly publish   keywords: [ 'accounting', 'finance', 'roi' ],
21 silly publish   author: { name: 'Amanda Montana Pearce' },
21 silly publish   license: 'MIT',
21 silly publish   bugs: { url: 'https://github.com/amandamontanapearce/ROI/issues' },
21 silly publish   homepage: 'https://github.com/amandamontanapearce/ROI#readme',
21 silly publish   readme: '# ROI\nnode module\n',
21 silly publish   readmeFilename: 'README.md',
21 silly publish   gitHead: 'f3377d56f26bc8051be2b87e6410ad3078401399',
21 silly publish   _id: 'roi@0.0.1',
21 silly publish   _shasum: '92433638f8b495a3efba82eec2305699f09352f8',
21 silly publish   _from: '.' }
22 verbose getPublishConfig undefined
23 silly mapToRegistry name roi
24 silly mapToRegistry using default registry
25 silly mapToRegistry registry https://registry.npmjs.org/
26 silly mapToRegistry data Result {
26 silly mapToRegistry   raw: 'roi',
26 silly mapToRegistry   scope: null,
26 silly mapToRegistry   name: 'roi',
26 silly mapToRegistry   rawSpec: '',
26 silly mapToRegistry   spec: 'latest',
26 silly mapToRegistry   type: 'tag' }
27 silly mapToRegistry uri https://registry.npmjs.org/roi
28 verbose publish registryBase https://registry.npmjs.org/
29 silly publish uploading /Users/amandamontanapearce/.npm/roi/0.0.1/package.tgz
30 verbose request uri https://registry.npmjs.org/roi
31 verbose request sending authorization for write operation
32 info attempt registry request try #1 at 10:25:17 PM
33 verbose request using bearer token for auth
34 verbose request id e1ec7a5f877f8c2c
35 http request PUT https://registry.npmjs.org/roi
36 http 403 https://registry.npmjs.org/roi
37 verbose headers { 'content-type': 'application/json',
37 verbose headers   'cache-control': 'max-age=300',
37 verbose headers   'content-length': '97',
37 verbose headers   'accept-ranges': 'bytes',
37 verbose headers   date: 'Fri, 29 Jul 2016 04:25:16 GMT',
37 verbose headers   via: '1.1 varnish',
37 verbose headers   connection: 'keep-alive',
37 verbose headers   'x-served-by': 'cache-den6023-DEN',
37 verbose headers   'x-cache': 'MISS',
37 verbose headers   'x-cache-hits': '0',
37 verbose headers   'x-timer': 'S1469766315.544434,VS0,VE471',
37 verbose headers   vary: 'Accept-Encoding' }
38 verbose request invalidating /Users/amandamontanapearce/.npm/registry.npmjs.org/roi on PUT
39 error publish Failed PUT 403
40 verbose stack Error: you do not have permission to publish "roi". Are you logged in as the correct user? : roi
40 verbose stack     at makeError (/usr/local/lib/node_modules/npm/node_modules/npm-registry-client/lib/request.js:264:12)
40 verbose stack     at CachingRegistryClient.<anonymous> (/usr/local/lib/node_modules/npm/node_modules/npm-registry-client/lib/request.js:252:14)
40 verbose stack     at Request._callback (/usr/local/lib/node_modules/npm/node_modules/npm-registry-client/lib/request.js:172:14)
40 verbose stack     at Request.self.callback (/usr/local/lib/node_modules/npm/node_modules/request/request.js:199:22)
40 verbose stack     at emitTwo (events.js:100:13)
40 verbose stack     at Request.emit (events.js:185:7)
40 verbose stack     at Request.<anonymous> (/usr/local/lib/node_modules/npm/node_modules/request/request.js:1036:10)
40 verbose stack     at emitOne (events.js:95:20)
40 verbose stack     at Request.emit (events.js:182:7)
40 verbose stack     at IncomingMessage.<anonymous> (/usr/local/lib/node_modules/npm/node_modules/request/request.js:963:12)
41 verbose statusCode 403
42 verbose pkgid roi
43 verbose cwd /Users/amandamontanapearce/gExercises/roi-npm
44 error Darwin 15.0.0
45 error argv "/usr/local/Cellar/node/5.10.1/bin/node" "/usr/local/bin/npm" "publish"
46 error node v5.10.1
47 error npm  v3.8.3
48 error code E403
49 error you do not have permission to publish "roi". Are you logged in as the correct user? : roi
50 error If you need help, you may report this error at:
50 error     <https://github.com/npm/npm/issues>
51 verbose exit [ 1, true ]
